<?xml version="1.0" encoding="UTF-8"?>
<!-- Generated by org.testng.reporters.JUnitXMLReporter -->
<testsuite hostname="DELL-PC" name="Firefox" tests="5" failures="0" timestamp="10 Jun 2017 10:25:27 GMT" time="64.972" errors="0">
  <testcase name="addbook" time="9.855" classname="scripts.Scenario_Cart"/>
  <testcase name="validsearch" time="3.974" classname="scripts.Scenario_Search"/>
  <testcase name="validsearch" time="5.249" classname="scripts.Scenario_Search"/>
  <testcase name="validsearch" time="4.38" classname="scripts.Scenario_Search"/>
  <testcase name="invalidsearch" time="1.331" classname="scripts.Scenario_Search"/>
</testsuite> <!-- Firefox -->
