<?xml version="1.0" encoding="UTF-8"?>
<!-- Generated by org.testng.reporters.JUnitXMLReporter -->
<testsuite hostname="DELL-PC" name="Test" tests="4" failures="0" timestamp="10 Jun 2017 10:59:03 GMT" time="56.419" errors="0">
  <testcase name="addbook" time="11.193" classname="scripts.Scenario_Cart"/>
  <testcase name="validsearch" time="4.164" classname="scripts.Scenario_Search"/>
  <testcase name="validsearch" time="3.614" classname="scripts.Scenario_Search"/>
  <testcase name="validsearch" time="1.988" classname="scripts.Scenario_Search"/>
</testsuite> <!-- Test -->
