<?xml version="1.0" encoding="UTF-8"?>
<testng-results skipped="0" failed="0" total="4" passed="4">
  <reporter-output>
  </reporter-output>
  <suite name="Suite" duration-ms="56419" started-at="2017-06-10T10:58:07Z" finished-at="2017-06-10T10:59:03Z">
    <groups>
      <group name="qa">
        <method signature="Scenario_Cart.addbook(java.util.Map)[pri:0, instance:scripts.Scenario_Cart@1ce4f0a]" name="addbook" class="scripts.Scenario_Cart"/>
        <method signature="Scenario_Search.validsearch(java.util.Map)[pri:1, instance:scripts.Scenario_Search@3a8624]" name="validsearch" class="scripts.Scenario_Search"/>
      </group> <!-- qa -->
      <group name="prod">
        <method signature="Scenario_Search.validsearch(java.util.Map)[pri:1, instance:scripts.Scenario_Search@3a8624]" name="validsearch" class="scripts.Scenario_Search"/>
      </group> <!-- prod -->
      <group name="uat">
        <method signature="Scenario_Search.validsearch(java.util.Map)[pri:1, instance:scripts.Scenario_Search@3a8624]" name="validsearch" class="scripts.Scenario_Search"/>
      </group> <!-- uat -->
    </groups>
    <test name="Test" duration-ms="56419" started-at="2017-06-10T10:58:07Z" finished-at="2017-06-10T10:59:03Z">
      <class name="scripts.Scenario_Search">
        <test-method status="PASS" signature="launchApp(java.lang.String)[pri:0, instance:scripts.Scenario_Search@3a8624]" name="launchApp" is-config="true" duration-ms="7158" started-at="2017-06-10T16:28:27Z" finished-at="2017-06-10T16:28:34Z">
          <params>
            <param index="0">
              <value>
                <![CDATA[firefox]]>
              </value>
            </param>
          </params>
          <reporter-output>
          </reporter-output>
        </test-method> <!-- launchApp -->
        <test-method status="PASS" signature="validsearch(java.util.Map)[pri:1, instance:scripts.Scenario_Search@3a8624]" name="validsearch" duration-ms="4164" started-at="2017-06-10T16:28:34Z" data-provider="Dpglobal" finished-at="2017-06-10T16:28:38Z">
          <params>
            <param index="0">
              <value>
                <![CDATA[{Order=1.0, Script=validsearch, searchoptions=Ways, TC_ID=GB_09, Execute=Y, expected=234.0}]]>
              </value>
            </param>
          </params>
          <reporter-output>
          </reporter-output>
        </test-method> <!-- validsearch -->
        <test-method status="PASS" signature="tearDown(org.testng.ITestResult)[pri:0, instance:scripts.Scenario_Search@3a8624]" name="tearDown" is-config="true" duration-ms="1739" started-at="2017-06-10T16:28:38Z" finished-at="2017-06-10T16:28:40Z">
          <params>
            <param index="0">
              <value>
                <![CDATA[[TestResult name=validsearch status=SUCCESS method=Scenario_Search.validsearch(java.util.Map)[pri:1, instance:scripts.Scenario_Search@3a8624] output={null}]]]>
              </value>
            </param>
          </params>
          <reporter-output>
          </reporter-output>
        </test-method> <!-- tearDown -->
        <test-method status="PASS" signature="launchApp(java.lang.String)[pri:0, instance:scripts.Scenario_Search@3a8624]" name="launchApp" is-config="true" duration-ms="7956" started-at="2017-06-10T16:28:40Z" finished-at="2017-06-10T16:28:48Z">
          <params>
            <param index="0">
              <value>
                <![CDATA[firefox]]>
              </value>
            </param>
          </params>
          <reporter-output>
          </reporter-output>
        </test-method> <!-- launchApp -->
        <test-method status="PASS" signature="validsearch(java.util.Map)[pri:1, instance:scripts.Scenario_Search@3a8624]" name="validsearch" duration-ms="3614" started-at="2017-06-10T16:28:48Z" data-provider="Dpglobal" finished-at="2017-06-10T16:28:52Z">
          <params>
            <param index="0">
              <value>
                <![CDATA[{Order=1.0, Script=validsearch, searchoptions=chandler, TC_ID=GB_10, Execute=Y, expected=23.0}]]>
              </value>
            </param>
          </params>
          <reporter-output>
          </reporter-output>
        </test-method> <!-- validsearch -->
        <test-method status="PASS" signature="tearDown(org.testng.ITestResult)[pri:0, instance:scripts.Scenario_Search@3a8624]" name="tearDown" is-config="true" duration-ms="1719" started-at="2017-06-10T16:28:52Z" finished-at="2017-06-10T16:28:53Z">
          <params>
            <param index="0">
              <value>
                <![CDATA[[TestResult name=validsearch status=SUCCESS method=Scenario_Search.validsearch(java.util.Map)[pri:1, instance:scripts.Scenario_Search@3a8624] output={null}]]]>
              </value>
            </param>
          </params>
          <reporter-output>
          </reporter-output>
        </test-method> <!-- tearDown -->
        <test-method status="PASS" signature="launchApp(java.lang.String)[pri:0, instance:scripts.Scenario_Search@3a8624]" name="launchApp" is-config="true" duration-ms="6806" started-at="2017-06-10T16:28:53Z" finished-at="2017-06-10T16:29:00Z">
          <params>
            <param index="0">
              <value>
                <![CDATA[firefox]]>
              </value>
            </param>
          </params>
          <reporter-output>
          </reporter-output>
        </test-method> <!-- launchApp -->
        <test-method status="PASS" signature="validsearch(java.util.Map)[pri:1, instance:scripts.Scenario_Search@3a8624]" name="validsearch" duration-ms="1988" started-at="2017-06-10T16:29:00Z" data-provider="Dpglobal" finished-at="2017-06-10T16:29:02Z">
          <params>
            <param index="0">
              <value>
                <![CDATA[{Order=1.0, Script=validsearch, searchoptions=Jaico, TC_ID=GB_11, Execute=Y, expected=34.0}]]>
              </value>
            </param>
          </params>
          <reporter-output>
          </reporter-output>
        </test-method> <!-- validsearch -->
        <test-method status="PASS" signature="tearDown(org.testng.ITestResult)[pri:0, instance:scripts.Scenario_Search@3a8624]" name="tearDown" is-config="true" duration-ms="1000" started-at="2017-06-10T16:29:02Z" finished-at="2017-06-10T16:29:03Z">
          <params>
            <param index="0">
              <value>
                <![CDATA[[TestResult name=validsearch status=SUCCESS method=Scenario_Search.validsearch(java.util.Map)[pri:1, instance:scripts.Scenario_Search@3a8624] output={null}]]]>
              </value>
            </param>
          </params>
          <reporter-output>
          </reporter-output>
        </test-method> <!-- tearDown -->
      </class> <!-- scripts.Scenario_Search -->
      <class name="scripts.Scenario_Cart">
        <test-method status="PASS" signature="prerequisite()[pri:0, instance:scripts.Scenario_Cart@1ce4f0a]" name="prerequisite" is-config="true" duration-ms="155" started-at="2017-06-10T16:28:07Z" finished-at="2017-06-10T16:28:07Z">
          <reporter-output>
          </reporter-output>
        </test-method> <!-- prerequisite -->
        <test-method status="PASS" signature="launchApp(java.lang.String)[pri:0, instance:scripts.Scenario_Cart@1ce4f0a]" name="launchApp" is-config="true" duration-ms="7187" started-at="2017-06-10T16:28:07Z" finished-at="2017-06-10T16:28:15Z">
          <params>
            <param index="0">
              <value>
                <![CDATA[firefox]]>
              </value>
            </param>
          </params>
          <reporter-output>
          </reporter-output>
        </test-method> <!-- launchApp -->
        <test-method status="PASS" signature="addbook(java.util.Map)[pri:0, instance:scripts.Scenario_Cart@1ce4f0a]" name="addbook" duration-ms="11193" started-at="2017-06-10T16:28:15Z" data-provider="Dpglobal" finished-at="2017-06-10T16:28:26Z">
          <params>
            <param index="0">
              <value>
                <![CDATA[{Order=1.0, Script=addbook, TC_ID=GB_12, Execute=Y, Username=qtpworld2008@gmail.com, searchbook=flood and fire, Password=learn123}]]>
              </value>
            </param>
          </params>
          <reporter-output>
          </reporter-output>
        </test-method> <!-- addbook -->
        <test-method status="PASS" signature="tearDown(org.testng.ITestResult)[pri:0, instance:scripts.Scenario_Cart@1ce4f0a]" name="tearDown" is-config="true" duration-ms="1259" started-at="2017-06-10T16:28:26Z" finished-at="2017-06-10T16:28:27Z">
          <params>
            <param index="0">
              <value>
                <![CDATA[[TestResult name=addbook status=SUCCESS method=Scenario_Cart.addbook(java.util.Map)[pri:0, instance:scripts.Scenario_Cart@1ce4f0a] output={null}]]]>
              </value>
            </param>
          </params>
          <reporter-output>
          </reporter-output>
        </test-method> <!-- tearDown -->
      </class> <!-- scripts.Scenario_Cart -->
    </test> <!-- Test -->
  </suite> <!-- Suite -->
</testng-results>
